lo0: flags=8049<UP,LOOPBACK,RUNNING,MULTICAST> mtu 16384
	options=1203<RXCSUM,TXCSUM,TXSTATUS,SW_TIMESTAMP>
	inet 127.0.0.1 netmask 0xff000000
	inet6 ::1 prefixlen 128 
	inet6 fe80::1%lo0 prefixlen 64 scopeid 0x1 
	nd6 options=201<PERFORMNUD,DAD>
gif0: flags=8010<POINTOPOINT,MULTICAST> mtu 1280
stf0: flags=0<> mtu 1280
anpi0: flags=8863<UP,BROADCAST,SMART,RUNNING,SIMPLEX,MULTICAST> mtu 1500
	options=400<CHANNEL_IO>
	ether f2:4d:aa:26:49:f6
	media: none
	status: inactive
anpi1: flags=8863<UP,BROADCAST,SMART,RUNNING,SIMPLEX,MULTICAST> mtu 1500
	options=400<CHANNEL_IO>
	ether f2:4d:aa:26:49:f7
	media: none
	status: inactive
en3: flags=8863<UP,BROADCAST,SMART,RUNNING,SIMPLEX,MULTICAST> mtu 1500
	options=400<CHANNEL_IO>
	ether f2:4d:aa:26:49:d6
	nd6 options=201<PERFORMNUD,DAD>
	media: none
	status: inactive
en4: flags=8863<UP,BROADCAST,SMART,RUNNING,SIMPLEX,MULTICAST> mtu 1500
	options=400<CHANNEL_IO>
	ether f2:4d:aa:26:49:d7
	nd6 options=201<PERFORMNUD,DAD>
	media: none
	status: inactive
en1: flags=8963<UP,BROADCAST,SMART,RUNNING,PROMISC,SIMPLEX,MULTICAST> mtu 1500
	options=460<TSO4,TSO6,CHANNEL_IO>
	ether 36:29:f2:ed:26:80
	media: autoselect <full-duplex>
	status: inactive
en2: flags=8963<UP,BROADCAST,SMART,RUNNING,PROMISC,SIMPLEX,MULTICAST> mtu 1500
	options=460<TSO4,TSO6,CHANNEL_IO>
	ether 36:29:f2:ed:26:84
	media: autoselect <full-duplex>
	status: inactive
bridge0: flags=8863<UP,BROADCAST,SMART,RUNNING,SIMPLEX,MULTICAST> mtu 1500
	options=63<RXCSUM,TXCSUM,TSO4,TSO6>
	ether 36:29:f2:ed:26:80
	Configuration:
		id 0:0:0:0:0:0 priority 0 hellotime 0 fwddelay 0
		maxage 0 holdcnt 0 proto stp maxaddr 100 timeout 1200
		root id 0:0:0:0:0:0 priority 0 ifcost 0 port 0
		ipfilter disabled flags 0x0
	member: en1 flags=3<LEARNING,DISCOVER>
	        ifmaxaddr 0 port 8 priority 0 path cost 0
	member: en2 flags=3<LEARNING,DISCOVER>
	        ifmaxaddr 0 port 9 priority 0 path cost 0
	nd6 options=201<PERFORMNUD,DAD>
	media: <unknown type>
	status: inactive
ap1: flags=8843<UP,BROADCAST,RUNNING,SIMPLEX,MULTICAST> mtu 1500
	options=6460<TSO4,TSO6,CHANNEL_IO,PARTIAL_CSUM,ZEROINVERT_CSUM>
	ether 2e:e4:41:ed:83:ad
	inet6 fe80::2ce4:41ff:feed:83ad%ap1 prefixlen 64 scopeid 0xb 
	nd6 options=201<PERFORMNUD,DAD>
	media: autoselect (<unknown type>)
	status: inactive
en0: flags=8863<UP,BROADCAST,SMART,RUNNING,SIMPLEX,MULTICAST> mtu 1500
	options=6460<TSO4,TSO6,CHANNEL_IO,PARTIAL_CSUM,ZEROINVERT_CSUM>
	ether 0c:e4:41:ed:83:ad
	inet6 fe80::10be:d79b:6a7d:24b0%en0 prefixlen 64 secured scopeid 0xc 
	inet 192.168.40.161 netmask 0xfffffc00 broadcast 192.168.43.255
	nd6 options=201<PERFORMNUD,DAD>
	media: autoselect
	status: active
awdl0: flags=8843<UP,BROADCAST,RUNNING,SIMPLEX,MULTICAST> mtu 1500
	options=6460<TSO4,TSO6,CHANNEL_IO,PARTIAL_CSUM,ZEROINVERT_CSUM>
	ether 3e:ef:cd:1f:d5:dd
	inet6 fe80::3cef:cdff:fe1f:d5dd%awdl0 prefixlen 64 scopeid 0xd 
	nd6 options=201<PERFORMNUD,DAD>
	media: autoselect
	status: active
llw0: flags=8863<UP,BROADCAST,SMART,RUNNING,SIMPLEX,MULTICAST> mtu 1500
	options=400<CHANNEL_IO>
	ether 3e:ef:cd:1f:d5:dd
	inet6 fe80::3cef:cdff:fe1f:d5dd%llw0 prefixlen 64 scopeid 0xe 
	nd6 options=201<PERFORMNUD,DAD>
	media: autoselect
	status: inactive
utun0: flags=8051<UP,POINTOPOINT,RUNNING,MULTICAST> mtu 1500
	inet6 fe80::c9ca:e8d8:4bc0:b362%utun0 prefixlen 64 scopeid 0xf 
	nd6 options=201<PERFORMNUD,DAD>
utun1: flags=8051<UP,POINTOPOINT,RUNNING,MULTICAST> mtu 1380
	inet6 fe80::6704:85c9:e2f6:a1fc%utun1 prefixlen 64 scopeid 0x10 
	nd6 options=201<PERFORMNUD,DAD>
utun2: flags=8051<UP,POINTOPOINT,RUNNING,MULTICAST> mtu 2000
	inet6 fe80::7012:9c9a:f9e4:5c52%utun2 prefixlen 64 scopeid 0x11 
	nd6 options=201<PERFORMNUD,DAD>
utun3: flags=8051<UP,POINTOPOINT,RUNNING,MULTICAST> mtu 1000
	inet6 fe80::ce81:b1c:bd2c:69e%utun3 prefixlen 64 scopeid 0x12 
	nd6 options=201<PERFORMNUD,DAD>
utun4: flags=8051<UP,POINTOPOINT,RUNNING,MULTICAST> mtu 1350
	options=6460<TSO4,TSO6,CHANNEL_IO,PARTIAL_CSUM,ZEROINVERT_CSUM>
	inet6 fe80::99fb:cbb9:48e1:6cfd%utun4 prefixlen 64 scopeid 0x13 
	nd6 options=201<PERFORMNUD,DAD>
utun5: flags=8051<UP,POINTOPOINT,RUNNING,MULTICAST> mtu 1380
	inet6 fe80::18c8:a340:9ab9:c0be%utun5 prefixlen 64 scopeid 0x14 
	nd6 options=201<PERFORMNUD,DAD>
utun6: flags=8051<UP,POINTOPOINT,RUNNING,MULTICAST> mtu 1380
	inet6 fe80::2935:884d:d16d:5ed1%utun6 prefixlen 64 scopeid 0x15 
	nd6 options=201<PERFORMNUD,DAD>
utun7: flags=8051<UP,POINTOPOINT,RUNNING,MULTICAST> mtu 1380
	inet6 fe80::9dee:4c7a:9bd2:5c9d%utun7 prefixlen 64 scopeid 0x16 
	nd6 options=201<PERFORMNUD,DAD>
utun8: flags=8051<UP,POINTOPOINT,RUNNING,MULTICAST> mtu 1380
	inet6 fe80::ddef:5725:efea:772f%utun8 prefixlen 64 scopeid 0x17 
	nd6 options=201<PERFORMNUD,DAD>
