# Nmap 7.95 scan initiated Fri Dec 13 16:22:14 2024 as: nmap -sS -p 22 -oN 22.log --open 192.168.1.1/24
Nmap scan report for MacBook-Pro-2.fios-router.home (192.168.1.81)
Host is up (0.044s latency).

PORT   STATE SERVICE
22/tcp open  ssh
MAC Address: BC:D0:74:AA:71:36 (Apple)

Nmap scan report for MacM1Mini2021.fios-router.home (192.168.1.99)
Host is up (0.16s latency).

PORT   STATE SERVICE
22/tcp open  ssh
MAC Address: 14:98:77:40:69:9A (Apple)

Nmap scan report for DESKTOP-5TLR39V.fios-router.home (192.168.1.194)
Host is up (0.0069s latency).

PORT   STATE SERVICE
22/tcp open  ssh
MAC Address: 5C:62:8B:ED:BF:F0 (TP-Link Limited)

Nmap scan report for will.fios-router.home (192.168.1.213)
Host is up (0.30s latency).

PORT   STATE SERVICE
22/tcp open  ssh
MAC Address: C8:8A:D8:05:33:B6 (China Dragon Technology Limited)

Nmap scan report for zeros-Air.fios-router.home (192.168.1.38)
Host is up (0.00052s latency).

PORT   STATE SERVICE
22/tcp open  ssh

# Nmap done at Fri Dec 13 16:22:25 2024 -- 256 IP addresses (35 hosts up) scanned in 11.69 seconds
